{"C:/Career/GitHub/Fullstack/Testing/Chapter - 1/src/App.jsx": {"path":"C:/Career/GitHub/Fullstack/Testing/Chapter - 1/src/App.jsx","statementMap":{"0":{"start":{"line":5,"column":4},"end":{"line":9,"column":null}}},"fnMap":{"0":{"name":"App","decl":{"start":{"line":4,"column":24},"end":{"line":4,"column":30}},"loc":{"start":{"line":4,"column":30},"end":{"line":11,"column":null}}}},"branchMap":{},"s":{"0":1},"f":{"0":1},"b":{}}
,"C:/Career/GitHub/Fullstack/Testing/Chapter - 1/src/components/Header.jsx": {"path":"C:/Career/GitHub/Fullstack/Testing/Chapter - 1/src/components/Header.jsx","statementMap":{"0":{"start":{"line":4,"column":4},"end":{"line":10,"column":null}}},"fnMap":{"0":{"name":"Header","decl":{"start":{"line":3,"column":24},"end":{"line":3,"column":33}},"loc":{"start":{"line":3,"column":33},"end":{"line":12,"column":null}}}},"branchMap":{},"s":{"0":3},"f":{"0":3},"b":{}}
,"C:/Career/GitHub/Fullstack/Testing/Chapter - 1/src/components/Main.jsx": {"path":"C:/Career/GitHub/Fullstack/Testing/Chapter - 1/src/components/Main.jsx","statementMap":{"0":{"start":{"line":4,"column":28},"end":{"line":8,"column":null}},"1":{"start":{"line":10,"column":36},"end":{"line":10,"column":null}},"2":{"start":{"line":12,"column":4},"end":{"line":16,"column":null}},"3":{"start":{"line":13,"column":8},"end":{"line":15,"column":null}},"4":{"start":{"line":14,"column":25},"end":{"line":14,"column":35}},"5":{"start":{"line":15,"column":26},"end":{"line":15,"column":54}},"6":{"start":{"line":19,"column":29},"end":{"line":19,"column":null}},"7":{"start":{"line":20,"column":27},"end":{"line":20,"column":null}},"8":{"start":{"line":21,"column":8},"end":{"line":24,"column":null}},"9":{"start":{"line":21,"column":29},"end":{"line":24,"column":10}},"10":{"start":{"line":28,"column":30},"end":{"line":28,"column":null}},"11":{"start":{"line":29,"column":8},"end":{"line":32,"column":null}},"12":{"start":{"line":29,"column":29},"end":{"line":32,"column":10}},"13":{"start":{"line":35,"column":4},"end":{"line":64,"column":null}}},"fnMap":{"0":{"name":"Main","decl":{"start":{"line":3,"column":24},"end":{"line":3,"column":31}},"loc":{"start":{"line":3,"column":31},"end":{"line":66,"column":null}}},"1":{"name":"(anonymous_1)","decl":{"start":{"line":12,"column":14},"end":{"line":12,"column":20}},"loc":{"start":{"line":12,"column":20},"end":{"line":16,"column":7}}},"2":{"name":"(anonymous_2)","decl":{"start":{"line":14,"column":18},"end":{"line":14,"column":25}},"loc":{"start":{"line":14,"column":25},"end":{"line":14,"column":35}}},"3":{"name":"(anonymous_3)","decl":{"start":{"line":15,"column":18},"end":{"line":15,"column":26}},"loc":{"start":{"line":15,"column":26},"end":{"line":15,"column":54}}},"4":{"name":"getMemeImage","decl":{"start":{"line":18,"column":13},"end":{"line":18,"column":28}},"loc":{"start":{"line":18,"column":28},"end":{"line":25,"column":null}}},"5":{"name":"(anonymous_5)","decl":{"start":{"line":21,"column":16},"end":{"line":21,"column":29}},"loc":{"start":{"line":21,"column":29},"end":{"line":24,"column":10}}},"6":{"name":"handleChange","decl":{"start":{"line":27,"column":13},"end":{"line":27,"column":26}},"loc":{"start":{"line":27,"column":33},"end":{"line":33,"column":null}}},"7":{"name":"(anonymous_7)","decl":{"start":{"line":29,"column":16},"end":{"line":29,"column":29}},"loc":{"start":{"line":29,"column":29},"end":{"line":32,"column":10}}}},"branchMap":{},"s":{"0":6,"1":6,"2":6,"3":4,"4":4,"5":4,"6":1,"7":1,"8":1,"9":1,"10":0,"11":0,"12":0,"13":6},"f":{"0":6,"1":4,"2":4,"3":4,"4":1,"5":1,"6":0,"7":0},"b":{}}
}
